[2022-10-15 20:26:00] local.ERROR: Object of class Laravel\Lumen\Routing\Router could not be converted to string {"exception":"[object] (ErrorException(code: 0): Object of class Laravel\\Lumen\\Routing\\Router could not be converted to string at C:\\xampp\\htdocs\\Crudapi\\routes\\web.php:24)
[stacktrace]
#0 C:\\xampp\\htdocs\\Crudapi\\vendor\\laravel\\lumen-framework\\src\\Concerns\\RegistersExceptionHandlers.php(47): Laravel\\Lumen\\Application->handleError(4096, 'Object of class...', 'C:\\\\xampp\\\\htdocs...', 24)
#1 C:\\xampp\\htdocs\\Crudapi\\routes\\web.php(24): Laravel\\Lumen\\Application->Laravel\\Lumen\\Concerns\\{closure}(4096, 'Object of class...', 'C:\\\\xampp\\\\htdocs...', 24, Array)
#2 C:\\xampp\\htdocs\\Crudapi\\bootstrap\\app.php(112): require('C:\\\\xampp\\\\htdocs...')
#3 C:\\xampp\\htdocs\\Crudapi\\vendor\\laravel\\lumen-framework\\src\\Routing\\Router.php(62): {closure}(Object(Laravel\\Lumen\\Routing\\Router))
#4 C:\\xampp\\htdocs\\Crudapi\\bootstrap\\app.php(113): Laravel\\Lumen\\Routing\\Router->group(Array, Object(Closure))
#5 C:\\xampp\\htdocs\\Crudapi\\public\\index.php(14): require('C:\\\\xampp\\\\htdocs...')
#6 {main}
"} 
[2022-10-15 20:27:11] local.ERROR: Object of class Laravel\Lumen\Routing\Router could not be converted to string {"exception":"[object] (ErrorException(code: 0): Object of class Laravel\\Lumen\\Routing\\Router could not be converted to string at C:\\xampp\\htdocs\\Crudapi\\routes\\web.php:24)
[stacktrace]
#0 C:\\xampp\\htdocs\\Crudapi\\vendor\\laravel\\lumen-framework\\src\\Concerns\\RegistersExceptionHandlers.php(47): Laravel\\Lumen\\Application->handleError(4096, 'Object of class...', 'C:\\\\xampp\\\\htdocs...', 24)
#1 C:\\xampp\\htdocs\\Crudapi\\routes\\web.php(24): Laravel\\Lumen\\Application->Laravel\\Lumen\\Concerns\\{closure}(4096, 'Object of class...', 'C:\\\\xampp\\\\htdocs...', 24, Array)
#2 C:\\xampp\\htdocs\\Crudapi\\bootstrap\\app.php(112): require('C:\\\\xampp\\\\htdocs...')
#3 C:\\xampp\\htdocs\\Crudapi\\vendor\\laravel\\lumen-framework\\src\\Routing\\Router.php(62): {closure}(Object(Laravel\\Lumen\\Routing\\Router))
#4 C:\\xampp\\htdocs\\Crudapi\\bootstrap\\app.php(113): Laravel\\Lumen\\Routing\\Router->group(Array, Object(Closure))
#5 C:\\xampp\\htdocs\\Crudapi\\public\\index.php(14): require('C:\\\\xampp\\\\htdocs...')
#6 {main}
"} 
[2022-10-15 20:27:55] local.ERROR: Object of class Laravel\Lumen\Routing\Router could not be converted to string {"exception":"[object] (ErrorException(code: 0): Object of class Laravel\\Lumen\\Routing\\Router could not be converted to string at C:\\xampp\\htdocs\\Crudapi\\routes\\web.php:24)
[stacktrace]
#0 C:\\xampp\\htdocs\\Crudapi\\vendor\\laravel\\lumen-framework\\src\\Concerns\\RegistersExceptionHandlers.php(47): Laravel\\Lumen\\Application->handleError(4096, 'Object of class...', 'C:\\\\xampp\\\\htdocs...', 24)
#1 C:\\xampp\\htdocs\\Crudapi\\routes\\web.php(24): Laravel\\Lumen\\Application->Laravel\\Lumen\\Concerns\\{closure}(4096, 'Object of class...', 'C:\\\\xampp\\\\htdocs...', 24, Array)
#2 C:\\xampp\\htdocs\\Crudapi\\bootstrap\\app.php(112): require('C:\\\\xampp\\\\htdocs...')
#3 C:\\xampp\\htdocs\\Crudapi\\vendor\\laravel\\lumen-framework\\src\\Routing\\Router.php(62): {closure}(Object(Laravel\\Lumen\\Routing\\Router))
#4 C:\\xampp\\htdocs\\Crudapi\\bootstrap\\app.php(113): Laravel\\Lumen\\Routing\\Router->group(Array, Object(Closure))
#5 C:\\xampp\\htdocs\\Crudapi\\public\\index.php(14): require('C:\\\\xampp\\\\htdocs...')
#6 {main}
"} 
[2022-10-15 20:44:01] local.ERROR: SQLSTATE[23000]: [Microsoft][ODBC Driver 17 for SQL Server][SQL Server]Cannot insert the value NULL into column 'nombre', table 'registro.dbo.visita'; column does not allow nulls. INSERT fails. (SQL: insert into [visita] ([nombre], [apellido], [motivo], [updated_at], [created_at]) values (?, ?, ?, 2022-10-15 20:44:01.494, 2022-10-15 20:44:01.494)) {"exception":"[object] (Illuminate\\Database\\QueryException(code: 23000): SQLSTATE[23000]: [Microsoft][ODBC Driver 17 for SQL Server][SQL Server]Cannot insert the value NULL into column 'nombre', table 'registro.dbo.visita'; column does not allow nulls. INSERT fails. (SQL: insert into [visita] ([nombre], [apellido], [motivo], [updated_at], [created_at]) values (?, ?, ?, 2022-10-15 20:44:01.494, 2022-10-15 20:44:01.494)) at C:\\xampp\\htdocs\\Crudapi\\vendor\\illuminate\\database\\Connection.php:712)
[stacktrace]
#0 C:\\xampp\\htdocs\\Crudapi\\vendor\\illuminate\\database\\Connection.php(672): Illuminate\\Database\\Connection->runQueryCallback('insert into [vi...', Array, Object(Closure))
#1 C:\\xampp\\htdocs\\Crudapi\\vendor\\illuminate\\database\\Connection.php(502): Illuminate\\Database\\Connection->run('insert into [vi...', Array, Object(Closure))
#2 C:\\xampp\\htdocs\\Crudapi\\vendor\\illuminate\\database\\Connection.php(454): Illuminate\\Database\\Connection->statement('insert into [vi...', Array)
#3 C:\\xampp\\htdocs\\Crudapi\\vendor\\illuminate\\database\\Query\\Processors\\SqlServerProcessor.php(24): Illuminate\\Database\\Connection->insert('insert into [vi...', Array)
#4 C:\\xampp\\htdocs\\Crudapi\\vendor\\illuminate\\database\\Query\\Builder.php(3028): Illuminate\\Database\\Query\\Processors\\SqlServerProcessor->processInsertGetId(Object(Illuminate\\Database\\Query\\Builder), 'insert into [vi...', Array, 'id')
#5 C:\\xampp\\htdocs\\Crudapi\\vendor\\illuminate\\database\\Eloquent\\Builder.php(1657): Illuminate\\Database\\Query\\Builder->insertGetId(Array, 'id')
#6 C:\\xampp\\htdocs\\Crudapi\\vendor\\illuminate\\database\\Eloquent\\Model.php(1188): Illuminate\\Database\\Eloquent\\Builder->__call('insertGetId', Array)
#7 C:\\xampp\\htdocs\\Crudapi\\vendor\\illuminate\\database\\Eloquent\\Model.php(1153): Illuminate\\Database\\Eloquent\\Model->insertAndSetId(Object(Illuminate\\Database\\Eloquent\\Builder), Array)
#8 C:\\xampp\\htdocs\\Crudapi\\vendor\\illuminate\\database\\Eloquent\\Model.php(994): Illuminate\\Database\\Eloquent\\Model->performInsert(Object(Illuminate\\Database\\Eloquent\\Builder))
#9 C:\\xampp\\htdocs\\Crudapi\\app\\Http\\Controllers\\VisitaController.php(21): Illuminate\\Database\\Eloquent\\Model->save()
#10 C:\\xampp\\htdocs\\Crudapi\\vendor\\illuminate\\container\\BoundMethod.php(36): App\\Http\\Controllers\\VisitaController->guardar(Object(Laravel\\Lumen\\Http\\Request))
#11 C:\\xampp\\htdocs\\Crudapi\\vendor\\illuminate\\container\\Util.php(40): Illuminate\\Container\\BoundMethod::Illuminate\\Container\\{closure}()
#12 C:\\xampp\\htdocs\\Crudapi\\vendor\\illuminate\\container\\BoundMethod.php(93): Illuminate\\Container\\Util::unwrapIfClosure(Object(Closure))
#13 C:\\xampp\\htdocs\\Crudapi\\vendor\\illuminate\\container\\BoundMethod.php(37): Illuminate\\Container\\BoundMethod::callBoundMethod(Object(Laravel\\Lumen\\Application), Array, Object(Closure))
#14 C:\\xampp\\htdocs\\Crudapi\\vendor\\illuminate\\container\\Container.php(653): Illuminate\\Container\\BoundMethod::call(Object(Laravel\\Lumen\\Application), Array, Array, NULL)
#15 C:\\xampp\\htdocs\\Crudapi\\vendor\\laravel\\lumen-framework\\src\\Concerns\\RoutesRequests.php(389): Illuminate\\Container\\Container->call(Array, Array)
#16 C:\\xampp\\htdocs\\Crudapi\\vendor\\laravel\\lumen-framework\\src\\Concerns\\RoutesRequests.php(355): Laravel\\Lumen\\Application->callControllerCallable(Array, Array)
#17 C:\\xampp\\htdocs\\Crudapi\\vendor\\laravel\\lumen-framework\\src\\Concerns\\RoutesRequests.php(329): Laravel\\Lumen\\Application->callLumenController(Object(App\\Http\\Controllers\\VisitaController), 'guardar', Array)
#18 C:\\xampp\\htdocs\\Crudapi\\vendor\\laravel\\lumen-framework\\src\\Concerns\\RoutesRequests.php(282): Laravel\\Lumen\\Application->callControllerAction(Array)
#19 C:\\xampp\\htdocs\\Crudapi\\vendor\\laravel\\lumen-framework\\src\\Concerns\\RoutesRequests.php(267): Laravel\\Lumen\\Application->callActionOnArrayBasedRoute(Array)
#20 C:\\xampp\\htdocs\\Crudapi\\vendor\\laravel\\lumen-framework\\src\\Concerns\\RoutesRequests.php(169): Laravel\\Lumen\\Application->handleFoundRoute(Array)
#21 C:\\xampp\\htdocs\\Crudapi\\vendor\\laravel\\lumen-framework\\src\\Concerns\\RoutesRequests.php(429): Laravel\\Lumen\\Application->Laravel\\Lumen\\Concerns\\{closure}(Object(Laravel\\Lumen\\Http\\Request))
#22 C:\\xampp\\htdocs\\Crudapi\\vendor\\laravel\\lumen-framework\\src\\Concerns\\RoutesRequests.php(175): Laravel\\Lumen\\Application->sendThroughPipeline(Array, Object(Closure))
#23 C:\\xampp\\htdocs\\Crudapi\\vendor\\laravel\\lumen-framework\\src\\Concerns\\RoutesRequests.php(112): Laravel\\Lumen\\Application->dispatch(NULL)
#24 C:\\xampp\\htdocs\\Crudapi\\public\\index.php(28): Laravel\\Lumen\\Application->run()
#25 {main}

[previous exception] [object] (PDOException(code: 23000): SQLSTATE[23000]: [Microsoft][ODBC Driver 17 for SQL Server][SQL Server]Cannot insert the value NULL into column 'nombre', table 'registro.dbo.visita'; column does not allow nulls. INSERT fails. at C:\\xampp\\htdocs\\Crudapi\\vendor\\illuminate\\database\\Connection.php:501)
[stacktrace]
#0 C:\\xampp\\htdocs\\Crudapi\\vendor\\illuminate\\database\\Connection.php(501): PDOStatement->execute()
#1 C:\\xampp\\htdocs\\Crudapi\\vendor\\illuminate\\database\\Connection.php(705): Illuminate\\Database\\Connection->Illuminate\\Database\\{closure}('insert into [vi...', Array)
#2 C:\\xampp\\htdocs\\Crudapi\\vendor\\illuminate\\database\\Connection.php(672): Illuminate\\Database\\Connection->runQueryCallback('insert into [vi...', Array, Object(Closure))
#3 C:\\xampp\\htdocs\\Crudapi\\vendor\\illuminate\\database\\Connection.php(502): Illuminate\\Database\\Connection->run('insert into [vi...', Array, Object(Closure))
#4 C:\\xampp\\htdocs\\Crudapi\\vendor\\illuminate\\database\\Connection.php(454): Illuminate\\Database\\Connection->statement('insert into [vi...', Array)
#5 C:\\xampp\\htdocs\\Crudapi\\vendor\\illuminate\\database\\Query\\Processors\\SqlServerProcessor.php(24): Illuminate\\Database\\Connection->insert('insert into [vi...', Array)
#6 C:\\xampp\\htdocs\\Crudapi\\vendor\\illuminate\\database\\Query\\Builder.php(3028): Illuminate\\Database\\Query\\Processors\\SqlServerProcessor->processInsertGetId(Object(Illuminate\\Database\\Query\\Builder), 'insert into [vi...', Array, 'id')
#7 C:\\xampp\\htdocs\\Crudapi\\vendor\\illuminate\\database\\Eloquent\\Builder.php(1657): Illuminate\\Database\\Query\\Builder->insertGetId(Array, 'id')
#8 C:\\xampp\\htdocs\\Crudapi\\vendor\\illuminate\\database\\Eloquent\\Model.php(1188): Illuminate\\Database\\Eloquent\\Builder->__call('insertGetId', Array)
#9 C:\\xampp\\htdocs\\Crudapi\\vendor\\illuminate\\database\\Eloquent\\Model.php(1153): Illuminate\\Database\\Eloquent\\Model->insertAndSetId(Object(Illuminate\\Database\\Eloquent\\Builder), Array)
#10 C:\\xampp\\htdocs\\Crudapi\\vendor\\illuminate\\database\\Eloquent\\Model.php(994): Illuminate\\Database\\Eloquent\\Model->performInsert(Object(Illuminate\\Database\\Eloquent\\Builder))
#11 C:\\xampp\\htdocs\\Crudapi\\app\\Http\\Controllers\\VisitaController.php(21): Illuminate\\Database\\Eloquent\\Model->save()
#12 C:\\xampp\\htdocs\\Crudapi\\vendor\\illuminate\\container\\BoundMethod.php(36): App\\Http\\Controllers\\VisitaController->guardar(Object(Laravel\\Lumen\\Http\\Request))
#13 C:\\xampp\\htdocs\\Crudapi\\vendor\\illuminate\\container\\Util.php(40): Illuminate\\Container\\BoundMethod::Illuminate\\Container\\{closure}()
#14 C:\\xampp\\htdocs\\Crudapi\\vendor\\illuminate\\container\\BoundMethod.php(93): Illuminate\\Container\\Util::unwrapIfClosure(Object(Closure))
#15 C:\\xampp\\htdocs\\Crudapi\\vendor\\illuminate\\container\\BoundMethod.php(37): Illuminate\\Container\\BoundMethod::callBoundMethod(Object(Laravel\\Lumen\\Application), Array, Object(Closure))
#16 C:\\xampp\\htdocs\\Crudapi\\vendor\\illuminate\\container\\Container.php(653): Illuminate\\Container\\BoundMethod::call(Object(Laravel\\Lumen\\Application), Array, Array, NULL)
#17 C:\\xampp\\htdocs\\Crudapi\\vendor\\laravel\\lumen-framework\\src\\Concerns\\RoutesRequests.php(389): Illuminate\\Container\\Container->call(Array, Array)
#18 C:\\xampp\\htdocs\\Crudapi\\vendor\\laravel\\lumen-framework\\src\\Concerns\\RoutesRequests.php(355): Laravel\\Lumen\\Application->callControllerCallable(Array, Array)
#19 C:\\xampp\\htdocs\\Crudapi\\vendor\\laravel\\lumen-framework\\src\\Concerns\\RoutesRequests.php(329): Laravel\\Lumen\\Application->callLumenController(Object(App\\Http\\Controllers\\VisitaController), 'guardar', Array)
#20 C:\\xampp\\htdocs\\Crudapi\\vendor\\laravel\\lumen-framework\\src\\Concerns\\RoutesRequests.php(282): Laravel\\Lumen\\Application->callControllerAction(Array)
#21 C:\\xampp\\htdocs\\Crudapi\\vendor\\laravel\\lumen-framework\\src\\Concerns\\RoutesRequests.php(267): Laravel\\Lumen\\Application->callActionOnArrayBasedRoute(Array)
#22 C:\\xampp\\htdocs\\Crudapi\\vendor\\laravel\\lumen-framework\\src\\Concerns\\RoutesRequests.php(169): Laravel\\Lumen\\Application->handleFoundRoute(Array)
#23 C:\\xampp\\htdocs\\Crudapi\\vendor\\laravel\\lumen-framework\\src\\Concerns\\RoutesRequests.php(429): Laravel\\Lumen\\Application->Laravel\\Lumen\\Concerns\\{closure}(Object(Laravel\\Lumen\\Http\\Request))
#24 C:\\xampp\\htdocs\\Crudapi\\vendor\\laravel\\lumen-framework\\src\\Concerns\\RoutesRequests.php(175): Laravel\\Lumen\\Application->sendThroughPipeline(Array, Object(Closure))
#25 C:\\xampp\\htdocs\\Crudapi\\vendor\\laravel\\lumen-framework\\src\\Concerns\\RoutesRequests.php(112): Laravel\\Lumen\\Application->dispatch(NULL)
#26 C:\\xampp\\htdocs\\Crudapi\\public\\index.php(28): Laravel\\Lumen\\Application->run()
#27 {main}
"} 
